<?xml version="1.0" encoding="UTF-8"?>
<testng-results ignored="0" total="2" passed="2" failed="0" skipped="0">
  <reporter-output>
  </reporter-output>
  <suite started-at="2022-05-27T19:57:02 CDT" name="Default suite" finished-at="2022-05-27T19:57:49 CDT" duration-ms="47307">
    <groups>
    </groups>
    <test started-at="2022-05-27T19:57:02 CDT" name="Default test" finished-at="2022-05-27T19:57:49 CDT" duration-ms="47307">
      <class name="Test.StainlessWorkTableTestPage">
        <test-method is-config="true" signature="browserinitialization()[pri:0, instance:Test.StainlessWorkTableTestPage@4d154ccd]" started-at="2022-05-27T19:57:02 CDT" name="browserinitialization" finished-at="2022-05-27T19:57:09 CDT" duration-ms="6665" status="PASS">
          <reporter-output>
          </reporter-output>
        </test-method> <!-- browserinitialization -->
        <test-method signature="verifystainessworktablepage()[pri:3, instance:Test.StainlessWorkTableTestPage@4d154ccd]" started-at="2022-05-27T19:57:09 CDT" name="verifystainessworktablepage" finished-at="2022-05-27T19:57:12 CDT" duration-ms="3266" status="PASS">
          <reporter-output>
          </reporter-output>
        </test-method> <!-- verifystainessworktablepage -->
        <test-method signature="validatesatainlessworktablepage()[pri:4, instance:Test.StainlessWorkTableTestPage@4d154ccd]" started-at="2022-05-27T19:57:12 CDT" name="validatesatainlessworktablepage" finished-at="2022-05-27T19:57:49 CDT" duration-ms="36655" status="PASS">
          <reporter-output>
          </reporter-output>
        </test-method> <!-- validatesatainlessworktablepage -->
        <test-method is-config="true" signature="closingbrowser()[pri:0, instance:Test.StainlessWorkTableTestPage@4d154ccd]" started-at="2022-05-27T19:57:49 CDT" name="closingbrowser" finished-at="2022-05-27T19:57:49 CDT" duration-ms="615" status="PASS">
          <reporter-output>
          </reporter-output>
        </test-method> <!-- closingbrowser -->
      </class> <!-- Test.StainlessWorkTableTestPage -->
    </test> <!-- Default test -->
  </suite> <!-- Default suite -->
</testng-results>
