<?xml version="1.0" encoding="UTF-8"?>
<!-- Generated by org.testng.reporters.JUnitXMLReporter -->
<testsuite ignored="0" hostname="chelaks-mbp.lan" failures="0" tests="2" name="Default test" time="47.307" errors="0" timestamp="2022-05-27T19:57:49 CDT">
  <testcase classname="Test.StainlessWorkTableTestPage" name="verifystainessworktablepage" time="3.266"/>
  <testcase classname="Test.StainlessWorkTableTestPage" name="validatesatainlessworktablepage" time="36.655"/>
</testsuite> <!-- Default test -->
